

Microchip MPLAB XC8 Assembler V2.46 build 20240104201356 
                                                                                               Wed Feb 28 13:02:48 2024

Microchip MPLAB XC8 C Compiler v2.46 (Free license) build 20240104201356 Og1 
     1                           	processor	18F57Q43
     2                           	fnconf	rparam,??,?,0
     3                           	pagewidth 120
     4                           	opt	flic
     5                           	psect	cinit,global,reloc=2,class=CODE,delta=1
     6                           	psect	cstackCOMRAM,global,class=COMRAM,space=1,delta=1,lowdata,noexec
     7                           	psect	text0,global,reloc=2,class=CODE,delta=1
     8                           	psect	text1,global,reloc=2,class=CODE,delta=1
     9                           	psect	text2,global,reloc=2,class=CODE,delta=1
    10                           	psect	text3,global,reloc=2,class=CODE,delta=1
    11                           	psect	text4,global,reloc=2,class=CODE,delta=1
    12                           	psect	text5,global,reloc=2,class=CODE,delta=1
    13                           	psect	text6,global,reloc=2,class=CODE,delta=1
    14                           	psect	text7,global,reloc=2,class=CODE,delta=1
    15                           	psect	text8,global,reloc=2,class=CODE,delta=1
    16                           	psect	text9,global,reloc=2,class=CODE,delta=1
    17                           	psect	smallconst,global,reloc=2,class=SMALLCONST,delta=1,noexec
    18                           	psect	intsave_regs,global,class=BIGRAM,space=1,delta=1,noexec
    19                           	psect	rparam,global,class=COMRAM,space=1,delta=1,noexec
    20                           	psect	config,global,abs,ovrld,class=CONFIG,space=4,delta=1,noexec
    21   000000                     
    22                           ; Generated 18/12/2023 GMT
    23                           ; 
    24                           ; Copyright © 2023, Microchip Technology Inc. and its subsidiaries ("Microchip")
    25                           ; All rights reserved.
    26                           ; 
    27                           ; This software is developed by Microchip Technology Inc. and its subsidiaries ("Microch
      +                          ip").
    28                           ; 
    29                           ; Redistribution and use in source and binary forms, with or without modification, are
    30                           ; permitted provided that the following conditions are met:
    31                           ; 
    32                           ;     1. Redistributions of source code must retain the above copyright notice, this lis
      +                          t of
    33                           ;        conditions and the following disclaimer.
    34                           ; 
    35                           ;     2. Redistributions in binary form must reproduce the above copyright notice, this 
      +                          list
    36                           ;        of conditions and the following disclaimer in the documentation and/or other
    37                           ;        materials provided with the distribution. Publication is not required when
    38                           ;        this file is used in an embedded application.
    39                           ; 
    40                           ;     3. Microchip's name may not be used to endorse or promote products derived from th
      +                          is
    41                           ;        software without specific prior written permission.
    42                           ; 
    43                           ; THIS SOFTWARE IS PROVIDED BY MICROCHIP "AS IS" AND ANY EXPRESS OR IMPLIED WARRANTIES,
    44                           ; INCLUDING, BUT NOT LIMITED TO, THE IMPLIED WARRANTIES OF MERCHANTABILITY AND FITNESS F
      +                          OR
    45                           ; PURPOSE ARE DISCLAIMED.  IN NO EVENT SHALL MICROCHIP BE LIABLE FOR ANY DIRECT, INDIREC
      +                          T,
    46                           ; INCIDENTAL, SPECIAL, EXEMPLARY, OR CONSEQUENTIAL DAMAGES (INCLUDING BUT NOT LIMITED TO
    47                           ; PROCUREMENT OF SUBSTITUTE GOODS OR SERVICES; LOSS OF USE, DATA OR PROFITS; OR BUSINESS
    48                           ; INTERRUPTION) HOWSOEVER CAUSED AND ON ANY THEORY OF LIABILITY, WHETHER IN CONTRACT, ST
      +                          RICT
    49                           ; LIABILITY, OR TORT (INCLUDING NEGLIGENCE OR OTHERWISE) ARISING IN ANY WAY OUT OF THE U
      +                          SE OF
    50                           ; THIS SOFTWARE, EVEN IF ADVISED OF THE POSSIBILITY OF SUCH DAMAGE.
    51                           ; 
    52                           ; 
    53                           ; Code-generator required, PIC18F57Q43 Definitions
    54                           ; 
    55                           ; SFR Addresses
    56   000000                     _OSCCON1	set	173
    57   000000                     _OSCFRQ	set	177
    58   000000                     _OSCEN	set	179
    59   000000                     _ANSELA	set	1024
    60   000000                     _LATA	set	1214
    61   000000                     _LATF	set	1219
    62   000000                     _LATE	set	1218
    63   000000                     _LATD	set	1217
    64   000000                     _LATC	set	1216
    65   000000                     _LATB	set	1215
    66   000000                     _TRISA	set	1222
    67   000000                     _ANSELB	set	1032
    68   000000                     _WPUA	set	1025
    69   000000                     _PORTB	set	1231
    70   000000                     _TRISF	set	1227
    71   000000                     _TRISE	set	1226
    72   000000                     _TRISD	set	1225
    73   000000                     _TRISC	set	1224
    74   000000                     _TRISB	set	1223
    75   000000                     _ANSELC	set	1040
    76   000000                     _WPUB	set	1033
    77   000000                     _ANSELD	set	1048
    78   000000                     _WPUC	set	1041
    79   000000                     _ANSELE	set	1056
    80   000000                     _WPUD	set	1049
    81   000000                     _ANSELF	set	1064
    82   000000                     _WPUE	set	1057
    83   000000                     _PIR3	set	1201
    84   000000                     _WPUF	set	1065
    85   000000                     _PORTFbits	set	1235
    86   000000                     _TMR0L	set	792
    87   000000                     _TMR0H	set	793
    88   000000                     _T0CON0	set	794
    89   000000                     _T0CON1	set	795
    90                           
    91                           ; #config settings
    92                           
    93                           	psect	cinit
    94   00264A                     __pcinit:
    95                           	callstack 0
    96   00264A                     start_initialization:
    97                           	callstack 0
    98   00264A                     __initialization:
    99                           	callstack 0
   100   00264A                     end_of_initialization:
   101                           	callstack 0
   102   00264A                     __end_of__initialization:
   103                           	callstack 0
   104   00264A  0100               	movlb	0
   105   00264C  EF81  F012         	goto	_main	;jump to C main() function
   106                           
   107                           	psect	cstackCOMRAM
   108   000501                     __pcstackCOMRAM:
   109                           	callstack 0
   110   000501                     TIMER0_Delay_ms@Time:
   111                           	callstack 0
   112                           
   113                           ; 2 bytes @ 0x0
   114   000501                     	ds	2
   115   000503                     
   116                           ; 1 bytes @ 0x2
   117 ;;
   118 ;;Main: autosize = 0, tempsize = 0, incstack = 0, save=0
   119 ;;
   120 ;; *************** function _main *****************
   121 ;; Defined at:
   122 ;;		line 12 in file "main.c"
   123 ;; Parameters:    Size  Location     Type
   124 ;;		None
   125 ;; Auto vars:     Size  Location     Type
   126 ;;		None
   127 ;; Return value:  Size  Location     Type
   128 ;;                  1    wreg      void 
   129 ;; Registers used:
   130 ;;		wreg, status,2, status,0, cstack
   131 ;; Tracked objects:
   132 ;;		On entry : 0/0
   133 ;;		On exit  : 0/0
   134 ;;		Unchanged: 0/0
   135 ;; Data sizes:     COMRAM   BANK5   BANK6   BANK7   BANK8   BANK9  BANK10  BANK11  BANK12  BANK13  BANK14  BANK15  BANK1
      +6  BANK17  BANK18  BANK19  BANK20  BANK21  BANK22  BANK23  BANK24  BANK25  BANK26  BANK27  BANK28  BANK29  BANK30  BANK3
      +1  BANK32  BANK33  BANK34  BANK35  BANK36
   136 ;;      Params:         0       0       0       0       0       0       0       0       0       0       0       0       
      +0       0       0       0       0       0       0       0       0       0       0       0       0       0       0       
      +0       0       0       0       0       0
   137 ;;      Locals:         0       0       0       0       0       0       0       0       0       0       0       0       
      +0       0       0       0       0       0       0       0       0       0       0       0       0       0       0       
      +0       0       0       0       0       0
   138 ;;      Temps:          0       0       0       0       0       0       0       0       0       0       0       0       
      +0       0       0       0       0       0       0       0       0       0       0       0       0       0       0       
      +0       0       0       0       0       0
   139 ;;      Totals:         0       0       0       0       0       0       0       0       0       0       0       0       
      +0       0       0       0       0       0       0       0       0       0       0       0       0       0       0       
      +0       0       0       0       0       0
   140 ;;Total ram usage:        0 bytes
   141 ;; Hardware stack levels required when called: 1
   142 ;; This function calls:
   143 ;;		_CLOCK_Initialize
   144 ;;		_PortA_Initialize
   145 ;;		_PortB_Initialize
   146 ;;		_PortC_Initialize
   147 ;;		_PortD_Initialize
   148 ;;		_PortE_Initialize
   149 ;;		_PortF_Initialize
   150 ;;		_TIMER0_Delay_ms
   151 ;;		_TIMER0_Initialize
   152 ;; This function is called by:
   153 ;;		Startup code after reset
   154 ;; This function uses a non-reentrant model
   155 ;;
   156                           
   157                           	psect	text0
   158   002502                     __ptext0:
   159                           	callstack 0
   160   002502                     _main:
   161                           	callstack 126
   162   002502                     
   163                           ;main.c: 17:  CLOCK_Initialize();
   164   002502  EC17  F013         	call	_CLOCK_Initialize	;wreg free
   165                           
   166                           ;main.c: 20:     PortA_Initialize();
   167   002506  EC0D  F013         	call	_PortA_Initialize	;wreg free
   168                           
   169                           ;main.c: 23:     PortB_Initialize();
   170   00250A  EC03  F013         	call	_PortB_Initialize	;wreg free
   171                           
   172                           ;main.c: 26:     PortC_Initialize();
   173   00250E  ECF9  F012         	call	_PortC_Initialize	;wreg free
   174                           
   175                           ;main.c: 29:     PortD_Initialize();
   176   002512  ECEF  F012         	call	_PortD_Initialize	;wreg free
   177                           
   178                           ;main.c: 32:     PortE_Initialize();
   179   002516  ECE5  F012         	call	_PortE_Initialize	;wreg free
   180                           
   181                           ;main.c: 35:     PortF_Initialize();
   182   00251A  ECDB  F012         	call	_PortF_Initialize	;wreg free
   183                           
   184                           ;main.c: 38:     TIMER0_Initialize();
   185   00251E  EC1F  F013         	call	_TIMER0_Initialize	;wreg free
   186   002522                     l857:
   187                           
   188                           ;main.c: 43:     {;main.c: 46:         if (PORTB== 0x10)
   189   002522  0E10               	movlw	16
   190   002524  18CF               	xorwf	207,w,c	;volatile
   191   002526  A4D8               	btfss	status,2,c
   192   002528  EF98  F012         	goto	u61
   193   00252C  EF9A  F012         	goto	u60
   194   002530                     u61:
   195   002530  EFAA  F012         	goto	l94
   196   002534                     u60:
   197   002534                     
   198                           ;main.c: 47:         {;main.c: 49:             PORTFbits.RF3 = 0;
   199   002534  96D3               	bcf	211,3,c	;volatile
   200   002536                     
   201                           ;main.c: 52:             TIMER0_Delay_ms(250);
   202   002536  0E00               	movlw	0
   203   002538  6E02               	movwf	(TIMER0_Delay_ms@Time+1)^(0+1280),c
   204   00253A  0EFA               	movlw	250
   205   00253C  6E01               	movwf	TIMER0_Delay_ms@Time^(0+1280),c
   206   00253E  ECBC  F012         	call	_TIMER0_Delay_ms	;wreg free
   207   002542                     
   208                           ;main.c: 55:             PORTFbits.RF3 = 1;
   209   002542  86D3               	bsf	211,3,c	;volatile
   210                           
   211                           ;main.c: 58:             TIMER0_Delay_ms(250);
   212   002544  0E00               	movlw	0
   213   002546  6E02               	movwf	(TIMER0_Delay_ms@Time+1)^(0+1280),c
   214   002548  0EFA               	movlw	250
   215   00254A  6E01               	movwf	TIMER0_Delay_ms@Time^(0+1280),c
   216   00254C  ECBC  F012         	call	_TIMER0_Delay_ms	;wreg free
   217                           
   218                           ;main.c: 59:         }
   219   002550  EF91  F012         	goto	l857
   220   002554                     l94:
   221                           
   222                           ;main.c: 63:         {;main.c: 65:             PORTFbits.RF3 = 0;
   223   002554  96D3               	bcf	211,3,c	;volatile
   224   002556                     
   225                           ;main.c: 68:             TIMER0_Delay_ms(1000);
   226   002556  0E03               	movlw	3
   227   002558  6E02               	movwf	(TIMER0_Delay_ms@Time+1)^(0+1280),c
   228   00255A  0EE8               	movlw	232
   229   00255C  6E01               	movwf	TIMER0_Delay_ms@Time^(0+1280),c
   230   00255E  ECBC  F012         	call	_TIMER0_Delay_ms	;wreg free
   231   002562                     
   232                           ;main.c: 71:             PORTFbits.RF3 = 1;
   233   002562  86D3               	bsf	211,3,c	;volatile
   234                           
   235                           ;main.c: 74:             TIMER0_Delay_ms(1000);
   236   002564  0E03               	movlw	3
   237   002566  6E02               	movwf	(TIMER0_Delay_ms@Time+1)^(0+1280),c
   238   002568  0EE8               	movlw	232
   239   00256A  6E01               	movwf	TIMER0_Delay_ms@Time^(0+1280),c
   240   00256C  ECBC  F012         	call	_TIMER0_Delay_ms	;wreg free
   241   002570  EF91  F012         	goto	l857
   242   002574  EFFE  F0FF         	goto	start
   243   002578                     __end_of_main:
   244                           	callstack 0
   245                           
   246 ;; *************** function _TIMER0_Initialize *****************
   247 ;; Defined at:
   248 ;;		line 5 in file "timer0.c"
   249 ;; Parameters:    Size  Location     Type
   250 ;;		None
   251 ;; Auto vars:     Size  Location     Type
   252 ;;		None
   253 ;; Return value:  Size  Location     Type
   254 ;;                  1    wreg      void 
   255 ;; Registers used:
   256 ;;		wreg, status,2
   257 ;; Tracked objects:
   258 ;;		On entry : 0/0
   259 ;;		On exit  : 0/0
   260 ;;		Unchanged: 0/0
   261 ;; Data sizes:     COMRAM   BANK5   BANK6   BANK7   BANK8   BANK9  BANK10  BANK11  BANK12  BANK13  BANK14  BANK15  BANK1
      +6  BANK17  BANK18  BANK19  BANK20  BANK21  BANK22  BANK23  BANK24  BANK25  BANK26  BANK27  BANK28  BANK29  BANK30  BANK3
      +1  BANK32  BANK33  BANK34  BANK35  BANK36
   262 ;;      Params:         0       0       0       0       0       0       0       0       0       0       0       0       
      +0       0       0       0       0       0       0       0       0       0       0       0       0       0       0       
      +0       0       0       0       0       0
   263 ;;      Locals:         0       0       0       0       0       0       0       0       0       0       0       0       
      +0       0       0       0       0       0       0       0       0       0       0       0       0       0       0       
      +0       0       0       0       0       0
   264 ;;      Temps:          0       0       0       0       0       0       0       0       0       0       0       0       
      +0       0       0       0       0       0       0       0       0       0       0       0       0       0       0       
      +0       0       0       0       0       0
   265 ;;      Totals:         0       0       0       0       0       0       0       0       0       0       0       0       
      +0       0       0       0       0       0       0       0       0       0       0       0       0       0       0       
      +0       0       0       0       0       0
   266 ;;Total ram usage:        0 bytes
   267 ;; Hardware stack levels used: 1
   268 ;; This function calls:
   269 ;;		Nothing
   270 ;; This function is called by:
   271 ;;		_main
   272 ;; This function uses a non-reentrant model
   273 ;;
   274                           
   275                           	psect	text1
   276   00263E                     __ptext1:
   277                           	callstack 0
   278   00263E                     _TIMER0_Initialize:
   279                           	callstack 126
   280   00263E                     
   281                           ;timer0.c: 8:  T0CON0 = 0x10;
   282   00263E  0E10               	movlw	16
   283   002640  0103               	movlb	3	; () banked
   284   002642  6F1A               	movwf	26,b	;volatile
   285                           
   286                           ;timer0.c: 11:  T0CON1 = 0x70;
   287   002644  0E70               	movlw	112
   288   002646  6F1B               	movwf	27,b	;volatile
   289   002648                     
   290                           ; BSR set to: 3
   291   002648  0012               	return		;funcret
   292   00264A                     __end_of_TIMER0_Initialize:
   293                           	callstack 0
   294                           
   295 ;; *************** function _TIMER0_Delay_ms *****************
   296 ;; Defined at:
   297 ;;		line 16 in file "timer0.c"
   298 ;; Parameters:    Size  Location     Type
   299 ;;  Time            2    0[COMRAM] unsigned int 
   300 ;; Auto vars:     Size  Location     Type
   301 ;;		None
   302 ;; Return value:  Size  Location     Type
   303 ;;                  1    wreg      void 
   304 ;; Registers used:
   305 ;;		wreg, status,2, status,0
   306 ;; Tracked objects:
   307 ;;		On entry : 0/0
   308 ;;		On exit  : 0/0
   309 ;;		Unchanged: 0/0
   310 ;; Data sizes:     COMRAM   BANK5   BANK6   BANK7   BANK8   BANK9  BANK10  BANK11  BANK12  BANK13  BANK14  BANK15  BANK1
      +6  BANK17  BANK18  BANK19  BANK20  BANK21  BANK22  BANK23  BANK24  BANK25  BANK26  BANK27  BANK28  BANK29  BANK30  BANK3
      +1  BANK32  BANK33  BANK34  BANK35  BANK36
   311 ;;      Params:         2       0       0       0       0       0       0       0       0       0       0       0       
      +0       0       0       0       0       0       0       0       0       0       0       0       0       0       0       
      +0       0       0       0       0       0
   312 ;;      Locals:         0       0       0       0       0       0       0       0       0       0       0       0       
      +0       0       0       0       0       0       0       0       0       0       0       0       0       0       0       
      +0       0       0       0       0       0
   313 ;;      Temps:          0       0       0       0       0       0       0       0       0       0       0       0       
      +0       0       0       0       0       0       0       0       0       0       0       0       0       0       0       
      +0       0       0       0       0       0
   314 ;;      Totals:         2       0       0       0       0       0       0       0       0       0       0       0       
      +0       0       0       0       0       0       0       0       0       0       0       0       0       0       0       
      +0       0       0       0       0       0
   315 ;;Total ram usage:        2 bytes
   316 ;; Hardware stack levels used: 1
   317 ;; This function calls:
   318 ;;		Nothing
   319 ;; This function is called by:
   320 ;;		_main
   321 ;; This function uses a non-reentrant model
   322 ;;
   323                           
   324                           	psect	text2
   325   002578                     __ptext2:
   326                           	callstack 0
   327   002578                     _TIMER0_Delay_ms:
   328                           	callstack 126
   329   002578                     
   330                           ;timer0.c: 16: void TIMER0_Delay_ms(unsigned int Time);timer0.c: 17: {;timer0.c: 21:  TM
      +                          R0H = 0xFC;
   331   002578  0EFC               	movlw	252
   332   00257A  0103               	movlb	3	; () banked
   333   00257C  6F19               	movwf	25,b	;volatile
   334                           
   335                           ;timer0.c: 22:  TMR0L = 0x17;
   336   00257E  0E17               	movlw	23
   337   002580  6F18               	movwf	24,b	;volatile
   338   002582                     
   339                           ; BSR set to: 3
   340                           ;timer0.c: 25:  T0CON0 |= 0x80;
   341   002582  8F1A               	bsf	26,7,b	;volatile
   342                           
   343                           ;timer0.c: 27:     while (Time != 0x00)
   344   002584  EFCF  F012         	goto	l851
   345   002588                     l125:
   346                           
   347                           ;timer0.c: 31:         while ((PIR3 & 0x80) != 0x80)
   348   002588  AEB1               	btfss	177,7,c	;volatile
   349   00258A  EFC9  F012         	goto	u41
   350   00258E  EFCB  F012         	goto	u40
   351   002592                     u41:
   352   002592  EFC4  F012         	goto	l125
   353   002596                     u40:
   354   002596                     
   355                           ;timer0.c: 35:         PIR3 &= 0x7F;
   356   002596  9EB1               	bcf	177,7,c	;volatile
   357                           
   358                           ;timer0.c: 38:         Time--;
   359   002598  0601               	decf	TIMER0_Delay_ms@Time^(0+1280),f,c
   360   00259A  A0D8               	btfss	status,0,c
   361   00259C  0602               	decf	(TIMER0_Delay_ms@Time+1)^(0+1280),f,c
   362   00259E                     l851:
   363                           
   364                           ;timer0.c: 27:     while (Time != 0x00)
   365   00259E  5001               	movf	TIMER0_Delay_ms@Time^(0+1280),w,c
   366   0025A0  1002               	iorwf	(TIMER0_Delay_ms@Time+1)^(0+1280),w,c
   367   0025A2  A4D8               	btfss	status,2,c
   368   0025A4  EFD6  F012         	goto	u51
   369   0025A8  EFD8  F012         	goto	u50
   370   0025AC                     u51:
   371   0025AC  EFC4  F012         	goto	l125
   372   0025B0                     u50:
   373   0025B0                     
   374                           ;timer0.c: 42:  T0CON0 &= 0x7F;
   375   0025B0  0103               	movlb	3	; () banked
   376   0025B2  9F1A               	bcf	26,7,b	;volatile
   377   0025B4                     
   378                           ; BSR set to: 3
   379   0025B4  0012               	return		;funcret
   380   0025B6                     __end_of_TIMER0_Delay_ms:
   381                           	callstack 0
   382                           
   383 ;; *************** function _PortF_Initialize *****************
   384 ;; Defined at:
   385 ;;		line 86 in file "gpio.c"
   386 ;; Parameters:    Size  Location     Type
   387 ;;		None
   388 ;; Auto vars:     Size  Location     Type
   389 ;;		None
   390 ;; Return value:  Size  Location     Type
   391 ;;                  1    wreg      void 
   392 ;; Registers used:
   393 ;;		wreg, status,2
   394 ;; Tracked objects:
   395 ;;		On entry : 0/0
   396 ;;		On exit  : 0/0
   397 ;;		Unchanged: 0/0
   398 ;; Data sizes:     COMRAM   BANK5   BANK6   BANK7   BANK8   BANK9  BANK10  BANK11  BANK12  BANK13  BANK14  BANK15  BANK1
      +6  BANK17  BANK18  BANK19  BANK20  BANK21  BANK22  BANK23  BANK24  BANK25  BANK26  BANK27  BANK28  BANK29  BANK30  BANK3
      +1  BANK32  BANK33  BANK34  BANK35  BANK36
   399 ;;      Params:         0       0       0       0       0       0       0       0       0       0       0       0       
      +0       0       0       0       0       0       0       0       0       0       0       0       0       0       0       
      +0       0       0       0       0       0
   400 ;;      Locals:         0       0       0       0       0       0       0       0       0       0       0       0       
      +0       0       0       0       0       0       0       0       0       0       0       0       0       0       0       
      +0       0       0       0       0       0
   401 ;;      Temps:          0       0       0       0       0       0       0       0       0       0       0       0       
      +0       0       0       0       0       0       0       0       0       0       0       0       0       0       0       
      +0       0       0       0       0       0
   402 ;;      Totals:         0       0       0       0       0       0       0       0       0       0       0       0       
      +0       0       0       0       0       0       0       0       0       0       0       0       0       0       0       
      +0       0       0       0       0       0
   403 ;;Total ram usage:        0 bytes
   404 ;; Hardware stack levels used: 1
   405 ;; This function calls:
   406 ;;		Nothing
   407 ;; This function is called by:
   408 ;;		_main
   409 ;; This function uses a non-reentrant model
   410 ;;
   411                           
   412                           	psect	text3
   413   0025B6                     __ptext3:
   414                           	callstack 0
   415   0025B6                     _PortF_Initialize:
   416                           	callstack 126
   417   0025B6                     
   418                           ;gpio.c: 89:     LATF = 0x00;
   419   0025B6  0E00               	movlw	0
   420   0025B8  6EC3               	movwf	195,c	;volatile
   421                           
   422                           ;gpio.c: 92:     ANSELF = 0x00;
   423   0025BA  0E00               	movlw	0
   424   0025BC  0104               	movlb	4	; () banked
   425   0025BE  6F28               	movwf	40,b	;volatile
   426                           
   427                           ;gpio.c: 95:     WPUF = 0x00;
   428   0025C0  0E00               	movlw	0
   429   0025C2  6F29               	movwf	41,b	;volatile
   430                           
   431                           ;gpio.c: 98:     TRISF = 0x00;
   432   0025C4  0E00               	movlw	0
   433   0025C6  6ECB               	movwf	203,c	;volatile
   434   0025C8                     
   435                           ; BSR set to: 4
   436   0025C8  0012               	return		;funcret
   437   0025CA                     __end_of_PortF_Initialize:
   438                           	callstack 0
   439                           
   440 ;; *************** function _PortE_Initialize *****************
   441 ;; Defined at:
   442 ;;		line 70 in file "gpio.c"
   443 ;; Parameters:    Size  Location     Type
   444 ;;		None
   445 ;; Auto vars:     Size  Location     Type
   446 ;;		None
   447 ;; Return value:  Size  Location     Type
   448 ;;                  1    wreg      void 
   449 ;; Registers used:
   450 ;;		wreg, status,2
   451 ;; Tracked objects:
   452 ;;		On entry : 0/0
   453 ;;		On exit  : 0/0
   454 ;;		Unchanged: 0/0
   455 ;; Data sizes:     COMRAM   BANK5   BANK6   BANK7   BANK8   BANK9  BANK10  BANK11  BANK12  BANK13  BANK14  BANK15  BANK1
      +6  BANK17  BANK18  BANK19  BANK20  BANK21  BANK22  BANK23  BANK24  BANK25  BANK26  BANK27  BANK28  BANK29  BANK30  BANK3
      +1  BANK32  BANK33  BANK34  BANK35  BANK36
   456 ;;      Params:         0       0       0       0       0       0       0       0       0       0       0       0       
      +0       0       0       0       0       0       0       0       0       0       0       0       0       0       0       
      +0       0       0       0       0       0
   457 ;;      Locals:         0       0       0       0       0       0       0       0       0       0       0       0       
      +0       0       0       0       0       0       0       0       0       0       0       0       0       0       0       
      +0       0       0       0       0       0
   458 ;;      Temps:          0       0       0       0       0       0       0       0       0       0       0       0       
      +0       0       0       0       0       0       0       0       0       0       0       0       0       0       0       
      +0       0       0       0       0       0
   459 ;;      Totals:         0       0       0       0       0       0       0       0       0       0       0       0       
      +0       0       0       0       0       0       0       0       0       0       0       0       0       0       0       
      +0       0       0       0       0       0
   460 ;;Total ram usage:        0 bytes
   461 ;; Hardware stack levels used: 1
   462 ;; This function calls:
   463 ;;		Nothing
   464 ;; This function is called by:
   465 ;;		_main
   466 ;; This function uses a non-reentrant model
   467 ;;
   468                           
   469                           	psect	text4
   470   0025CA                     __ptext4:
   471                           	callstack 0
   472   0025CA                     _PortE_Initialize:
   473                           	callstack 126
   474   0025CA                     
   475                           ;gpio.c: 73:     LATE = 0x00;
   476   0025CA  0E00               	movlw	0
   477   0025CC  6EC2               	movwf	194,c	;volatile
   478                           
   479                           ;gpio.c: 76:     ANSELE = 0x00;
   480   0025CE  0E00               	movlw	0
   481   0025D0  0104               	movlb	4	; () banked
   482   0025D2  6F20               	movwf	32,b	;volatile
   483                           
   484                           ;gpio.c: 79:     WPUE = 0x00;
   485   0025D4  0E00               	movlw	0
   486   0025D6  6F21               	movwf	33,b	;volatile
   487                           
   488                           ;gpio.c: 82:     TRISE = 0x00;
   489   0025D8  0E00               	movlw	0
   490   0025DA  6ECA               	movwf	202,c	;volatile
   491   0025DC                     
   492                           ; BSR set to: 4
   493   0025DC  0012               	return		;funcret
   494   0025DE                     __end_of_PortE_Initialize:
   495                           	callstack 0
   496                           
   497 ;; *************** function _PortD_Initialize *****************
   498 ;; Defined at:
   499 ;;		line 54 in file "gpio.c"
   500 ;; Parameters:    Size  Location     Type
   501 ;;		None
   502 ;; Auto vars:     Size  Location     Type
   503 ;;		None
   504 ;; Return value:  Size  Location     Type
   505 ;;                  1    wreg      void 
   506 ;; Registers used:
   507 ;;		wreg, status,2
   508 ;; Tracked objects:
   509 ;;		On entry : 0/0
   510 ;;		On exit  : 0/0
   511 ;;		Unchanged: 0/0
   512 ;; Data sizes:     COMRAM   BANK5   BANK6   BANK7   BANK8   BANK9  BANK10  BANK11  BANK12  BANK13  BANK14  BANK15  BANK1
      +6  BANK17  BANK18  BANK19  BANK20  BANK21  BANK22  BANK23  BANK24  BANK25  BANK26  BANK27  BANK28  BANK29  BANK30  BANK3
      +1  BANK32  BANK33  BANK34  BANK35  BANK36
   513 ;;      Params:         0       0       0       0       0       0       0       0       0       0       0       0       
      +0       0       0       0       0       0       0       0       0       0       0       0       0       0       0       
      +0       0       0       0       0       0
   514 ;;      Locals:         0       0       0       0       0       0       0       0       0       0       0       0       
      +0       0       0       0       0       0       0       0       0       0       0       0       0       0       0       
      +0       0       0       0       0       0
   515 ;;      Temps:          0       0       0       0       0       0       0       0       0       0       0       0       
      +0       0       0       0       0       0       0       0       0       0       0       0       0       0       0       
      +0       0       0       0       0       0
   516 ;;      Totals:         0       0       0       0       0       0       0       0       0       0       0       0       
      +0       0       0       0       0       0       0       0       0       0       0       0       0       0       0       
      +0       0       0       0       0       0
   517 ;;Total ram usage:        0 bytes
   518 ;; Hardware stack levels used: 1
   519 ;; This function calls:
   520 ;;		Nothing
   521 ;; This function is called by:
   522 ;;		_main
   523 ;; This function uses a non-reentrant model
   524 ;;
   525                           
   526                           	psect	text5
   527   0025DE                     __ptext5:
   528                           	callstack 0
   529   0025DE                     _PortD_Initialize:
   530                           	callstack 126
   531   0025DE                     
   532                           ;gpio.c: 57:     LATD = 0x00;
   533   0025DE  0E00               	movlw	0
   534   0025E0  6EC1               	movwf	193,c	;volatile
   535                           
   536                           ;gpio.c: 60:     ANSELD = 0x00;
   537   0025E2  0E00               	movlw	0
   538   0025E4  0104               	movlb	4	; () banked
   539   0025E6  6F18               	movwf	24,b	;volatile
   540                           
   541                           ;gpio.c: 63:     WPUD = 0x0F;
   542   0025E8  0E0F               	movlw	15
   543   0025EA  6F19               	movwf	25,b	;volatile
   544                           
   545                           ;gpio.c: 66:     TRISD = 0x0F;
   546   0025EC  0E0F               	movlw	15
   547   0025EE  6EC9               	movwf	201,c	;volatile
   548   0025F0                     
   549                           ; BSR set to: 4
   550   0025F0  0012               	return		;funcret
   551   0025F2                     __end_of_PortD_Initialize:
   552                           	callstack 0
   553                           
   554 ;; *************** function _PortC_Initialize *****************
   555 ;; Defined at:
   556 ;;		line 38 in file "gpio.c"
   557 ;; Parameters:    Size  Location     Type
   558 ;;		None
   559 ;; Auto vars:     Size  Location     Type
   560 ;;		None
   561 ;; Return value:  Size  Location     Type
   562 ;;                  1    wreg      void 
   563 ;; Registers used:
   564 ;;		wreg, status,2
   565 ;; Tracked objects:
   566 ;;		On entry : 0/0
   567 ;;		On exit  : 0/0
   568 ;;		Unchanged: 0/0
   569 ;; Data sizes:     COMRAM   BANK5   BANK6   BANK7   BANK8   BANK9  BANK10  BANK11  BANK12  BANK13  BANK14  BANK15  BANK1
      +6  BANK17  BANK18  BANK19  BANK20  BANK21  BANK22  BANK23  BANK24  BANK25  BANK26  BANK27  BANK28  BANK29  BANK30  BANK3
      +1  BANK32  BANK33  BANK34  BANK35  BANK36
   570 ;;      Params:         0       0       0       0       0       0       0       0       0       0       0       0       
      +0       0       0       0       0       0       0       0       0       0       0       0       0       0       0       
      +0       0       0       0       0       0
   571 ;;      Locals:         0       0       0       0       0       0       0       0       0       0       0       0       
      +0       0       0       0       0       0       0       0       0       0       0       0       0       0       0       
      +0       0       0       0       0       0
   572 ;;      Temps:          0       0       0       0       0       0       0       0       0       0       0       0       
      +0       0       0       0       0       0       0       0       0       0       0       0       0       0       0       
      +0       0       0       0       0       0
   573 ;;      Totals:         0       0       0       0       0       0       0       0       0       0       0       0       
      +0       0       0       0       0       0       0       0       0       0       0       0       0       0       0       
      +0       0       0       0       0       0
   574 ;;Total ram usage:        0 bytes
   575 ;; Hardware stack levels used: 1
   576 ;; This function calls:
   577 ;;		Nothing
   578 ;; This function is called by:
   579 ;;		_main
   580 ;; This function uses a non-reentrant model
   581 ;;
   582                           
   583                           	psect	text6
   584   0025F2                     __ptext6:
   585                           	callstack 0
   586   0025F2                     _PortC_Initialize:
   587                           	callstack 126
   588   0025F2                     
   589                           ;gpio.c: 41:     LATC = 0x00;
   590   0025F2  0E00               	movlw	0
   591   0025F4  6EC0               	movwf	192,c	;volatile
   592                           
   593                           ;gpio.c: 44:     ANSELC = 0x00;
   594   0025F6  0E00               	movlw	0
   595   0025F8  0104               	movlb	4	; () banked
   596   0025FA  6F10               	movwf	16,b	;volatile
   597                           
   598                           ;gpio.c: 47:     WPUC = 0x00;
   599   0025FC  0E00               	movlw	0
   600   0025FE  6F11               	movwf	17,b	;volatile
   601                           
   602                           ;gpio.c: 50:     TRISC = 0x00;
   603   002600  0E00               	movlw	0
   604   002602  6EC8               	movwf	200,c	;volatile
   605   002604                     
   606                           ; BSR set to: 4
   607   002604  0012               	return		;funcret
   608   002606                     __end_of_PortC_Initialize:
   609                           	callstack 0
   610                           
   611 ;; *************** function _PortB_Initialize *****************
   612 ;; Defined at:
   613 ;;		line 22 in file "gpio.c"
   614 ;; Parameters:    Size  Location     Type
   615 ;;		None
   616 ;; Auto vars:     Size  Location     Type
   617 ;;		None
   618 ;; Return value:  Size  Location     Type
   619 ;;                  1    wreg      void 
   620 ;; Registers used:
   621 ;;		wreg, status,2
   622 ;; Tracked objects:
   623 ;;		On entry : 0/0
   624 ;;		On exit  : 0/0
   625 ;;		Unchanged: 0/0
   626 ;; Data sizes:     COMRAM   BANK5   BANK6   BANK7   BANK8   BANK9  BANK10  BANK11  BANK12  BANK13  BANK14  BANK15  BANK1
      +6  BANK17  BANK18  BANK19  BANK20  BANK21  BANK22  BANK23  BANK24  BANK25  BANK26  BANK27  BANK28  BANK29  BANK30  BANK3
      +1  BANK32  BANK33  BANK34  BANK35  BANK36
   627 ;;      Params:         0       0       0       0       0       0       0       0       0       0       0       0       
      +0       0       0       0       0       0       0       0       0       0       0       0       0       0       0       
      +0       0       0       0       0       0
   628 ;;      Locals:         0       0       0       0       0       0       0       0       0       0       0       0       
      +0       0       0       0       0       0       0       0       0       0       0       0       0       0       0       
      +0       0       0       0       0       0
   629 ;;      Temps:          0       0       0       0       0       0       0       0       0       0       0       0       
      +0       0       0       0       0       0       0       0       0       0       0       0       0       0       0       
      +0       0       0       0       0       0
   630 ;;      Totals:         0       0       0       0       0       0       0       0       0       0       0       0       
      +0       0       0       0       0       0       0       0       0       0       0       0       0       0       0       
      +0       0       0       0       0       0
   631 ;;Total ram usage:        0 bytes
   632 ;; Hardware stack levels used: 1
   633 ;; This function calls:
   634 ;;		Nothing
   635 ;; This function is called by:
   636 ;;		_main
   637 ;; This function uses a non-reentrant model
   638 ;;
   639                           
   640                           	psect	text7
   641   002606                     __ptext7:
   642                           	callstack 0
   643   002606                     _PortB_Initialize:
   644                           	callstack 126
   645   002606                     
   646                           ;gpio.c: 25:     LATB = 0x00;
   647   002606  0E00               	movlw	0
   648   002608  6EBF               	movwf	191,c	;volatile
   649                           
   650                           ;gpio.c: 28:     ANSELB = 0x00;
   651   00260A  0E00               	movlw	0
   652   00260C  0104               	movlb	4	; () banked
   653   00260E  6F08               	movwf	8,b	;volatile
   654                           
   655                           ;gpio.c: 31:     WPUB = 0x10;
   656   002610  0E10               	movlw	16
   657   002612  6F09               	movwf	9,b	;volatile
   658                           
   659                           ;gpio.c: 34:     TRISB = 0x10;
   660   002614  0E10               	movlw	16
   661   002616  6EC7               	movwf	199,c	;volatile
   662   002618                     
   663                           ; BSR set to: 4
   664   002618  0012               	return		;funcret
   665   00261A                     __end_of_PortB_Initialize:
   666                           	callstack 0
   667                           
   668 ;; *************** function _PortA_Initialize *****************
   669 ;; Defined at:
   670 ;;		line 6 in file "gpio.c"
   671 ;; Parameters:    Size  Location     Type
   672 ;;		None
   673 ;; Auto vars:     Size  Location     Type
   674 ;;		None
   675 ;; Return value:  Size  Location     Type
   676 ;;                  1    wreg      void 
   677 ;; Registers used:
   678 ;;		wreg, status,2
   679 ;; Tracked objects:
   680 ;;		On entry : 0/0
   681 ;;		On exit  : 0/0
   682 ;;		Unchanged: 0/0
   683 ;; Data sizes:     COMRAM   BANK5   BANK6   BANK7   BANK8   BANK9  BANK10  BANK11  BANK12  BANK13  BANK14  BANK15  BANK1
      +6  BANK17  BANK18  BANK19  BANK20  BANK21  BANK22  BANK23  BANK24  BANK25  BANK26  BANK27  BANK28  BANK29  BANK30  BANK3
      +1  BANK32  BANK33  BANK34  BANK35  BANK36
   684 ;;      Params:         0       0       0       0       0       0       0       0       0       0       0       0       
      +0       0       0       0       0       0       0       0       0       0       0       0       0       0       0       
      +0       0       0       0       0       0
   685 ;;      Locals:         0       0       0       0       0       0       0       0       0       0       0       0       
      +0       0       0       0       0       0       0       0       0       0       0       0       0       0       0       
      +0       0       0       0       0       0
   686 ;;      Temps:          0       0       0       0       0       0       0       0       0       0       0       0       
      +0       0       0       0       0       0       0       0       0       0       0       0       0       0       0       
      +0       0       0       0       0       0
   687 ;;      Totals:         0       0       0       0       0       0       0       0       0       0       0       0       
      +0       0       0       0       0       0       0       0       0       0       0       0       0       0       0       
      +0       0       0       0       0       0
   688 ;;Total ram usage:        0 bytes
   689 ;; Hardware stack levels used: 1
   690 ;; This function calls:
   691 ;;		Nothing
   692 ;; This function is called by:
   693 ;;		_main
   694 ;; This function uses a non-reentrant model
   695 ;;
   696                           
   697                           	psect	text8
   698   00261A                     __ptext8:
   699                           	callstack 0
   700   00261A                     _PortA_Initialize:
   701                           	callstack 126
   702   00261A                     
   703                           ;gpio.c: 9:     LATA = 0x00;
   704   00261A  0E00               	movlw	0
   705   00261C  6EBE               	movwf	190,c	;volatile
   706                           
   707                           ;gpio.c: 12:     ANSELA = 0x00;
   708   00261E  0E00               	movlw	0
   709   002620  0104               	movlb	4	; () banked
   710   002622  6F00               	movwf	0,b	;volatile
   711                           
   712                           ;gpio.c: 15:     WPUA = 0x00;
   713   002624  0E00               	movlw	0
   714   002626  6F01               	movwf	1,b	;volatile
   715                           
   716                           ;gpio.c: 18:     TRISA = 0x00;
   717   002628  0E00               	movlw	0
   718   00262A  6EC6               	movwf	198,c	;volatile
   719   00262C                     
   720                           ; BSR set to: 4
   721   00262C  0012               	return		;funcret
   722   00262E                     __end_of_PortA_Initialize:
   723                           	callstack 0
   724                           
   725 ;; *************** function _CLOCK_Initialize *****************
   726 ;; Defined at:
   727 ;;		line 5 in file "clock.c"
   728 ;; Parameters:    Size  Location     Type
   729 ;;		None
   730 ;; Auto vars:     Size  Location     Type
   731 ;;		None
   732 ;; Return value:  Size  Location     Type
   733 ;;                  1    wreg      void 
   734 ;; Registers used:
   735 ;;		wreg, status,2
   736 ;; Tracked objects:
   737 ;;		On entry : 0/0
   738 ;;		On exit  : 0/0
   739 ;;		Unchanged: 0/0
   740 ;; Data sizes:     COMRAM   BANK5   BANK6   BANK7   BANK8   BANK9  BANK10  BANK11  BANK12  BANK13  BANK14  BANK15  BANK1
      +6  BANK17  BANK18  BANK19  BANK20  BANK21  BANK22  BANK23  BANK24  BANK25  BANK26  BANK27  BANK28  BANK29  BANK30  BANK3
      +1  BANK32  BANK33  BANK34  BANK35  BANK36
   741 ;;      Params:         0       0       0       0       0       0       0       0       0       0       0       0       
      +0       0       0       0       0       0       0       0       0       0       0       0       0       0       0       
      +0       0       0       0       0       0
   742 ;;      Locals:         0       0       0       0       0       0       0       0       0       0       0       0       
      +0       0       0       0       0       0       0       0       0       0       0       0       0       0       0       
      +0       0       0       0       0       0
   743 ;;      Temps:          0       0       0       0       0       0       0       0       0       0       0       0       
      +0       0       0       0       0       0       0       0       0       0       0       0       0       0       0       
      +0       0       0       0       0       0
   744 ;;      Totals:         0       0       0       0       0       0       0       0       0       0       0       0       
      +0       0       0       0       0       0       0       0       0       0       0       0       0       0       0       
      +0       0       0       0       0       0
   745 ;;Total ram usage:        0 bytes
   746 ;; Hardware stack levels used: 1
   747 ;; This function calls:
   748 ;;		Nothing
   749 ;; This function is called by:
   750 ;;		_main
   751 ;; This function uses a non-reentrant model
   752 ;;
   753                           
   754                           	psect	text9
   755   00262E                     __ptext9:
   756                           	callstack 0
   757   00262E                     _CLOCK_Initialize:
   758                           	callstack 126
   759   00262E                     
   760                           ;clock.c: 8:     OSCEN = 0x40;
   761   00262E  0E40               	movlw	64
   762   002630  0100               	movlb	0	; () banked
   763   002632  6FB3               	movwf	179,b	;volatile
   764                           
   765                           ;clock.c: 11:  OSCFRQ = 0x08;
   766   002634  0E08               	movlw	8
   767   002636  6FB1               	movwf	177,b	;volatile
   768                           
   769                           ;clock.c: 14:     OSCCON1 = 0x66;
   770   002638  0E66               	movlw	102
   771   00263A  6FAD               	movwf	173,b	;volatile
   772   00263C                     
   773                           ; BSR set to: 0
   774   00263C  0012               	return		;funcret
   775   00263E                     __end_of_CLOCK_Initialize:
   776                           	callstack 0
   777                           
   778                           	psect	smallconst
   779   002500                     __psmallconst:
   780                           	callstack 0
   781   002500  00                 	db	0
   782   002501  00                 	db	0	; dummy byte at the end
   783   000000                     
   784                           	psect	rparam
   785   000000                     
   786                           	psect	config
   787                           
   788                           ;Config register CONFIG1 @ 0x300000
   789                           ;	External Oscillator Selection
   790                           ;	FEXTOSC = OFF, Oscillator not enabled
   791                           ;	Reset Oscillator Selection
   792                           ;	RSTOSC = HFINTOSC_1MHZ, HFINTOSC with HFFRQ = 4 MHz and CDIV = 4:1
   793   300000                     	org	3145728
   794   300000  EC                 	db	236
   795                           
   796                           ;Config register CONFIG2 @ 0x300001
   797                           ;	Clock out Enable bit
   798                           ;	CLKOUTEN = ON, CLKOUT function is enabled
   799                           ;	PRLOCKED One-Way Set Enable bit
   800                           ;	PR1WAY = ON, PRLOCKED bit can be cleared and set only once
   801                           ;	Clock Switch Enable bit
   802                           ;	CSWEN = ON, Writing to NOSC and NDIV is allowed
   803                           ;	Fail-Safe Clock Monitor Enable bit
   804                           ;	FCMEN = ON, Fail-Safe Clock Monitor enabled
   805   300001                     	org	3145729
   806   300001  FE                 	db	254
   807                           
   808                           ;Config register CONFIG3 @ 0x300002
   809                           ;	MCLR Enable bit
   810                           ;	MCLRE = EXTMCLR, If LVP = 0, MCLR pin is MCLR; If LVP = 1, RE3 pin function is MCLR
   811                           ;	Power-up timer selection bits
   812                           ;	PWRTS = PWRT_OFF, PWRT is disabled
   813                           ;	Multi-vector enable bit
   814                           ;	MVECEN = ON, Multi-vector enabled, Vector table used for interrupts
   815                           ;	IVTLOCK bit One-way set enable bit
   816                           ;	IVT1WAY = ON, IVTLOCKED bit can be cleared and set only once
   817                           ;	Low Power BOR Enable bit
   818                           ;	LPBOREN = OFF, Low-Power BOR disabled
   819                           ;	Brown-out Reset Enable bits
   820                           ;	BOREN = SBORDIS, Brown-out Reset enabled , SBOREN bit is ignored
   821   300002                     	org	3145730
   822   300002  FF                 	db	255
   823                           
   824                           ;Config register CONFIG4 @ 0x300003
   825                           ;	Brown-out Reset Voltage Selection bits
   826                           ;	BORV = VBOR_1P9, Brown-out Reset Voltage (VBOR) set to 1.9V
   827                           ;	ZCD Disable bit
   828                           ;	ZCD = OFF, ZCD module is disabled. ZCD can be enabled by setting the ZCDSEN bit of ZCD
      +                          CON
   829                           ;	PPSLOCK bit One-Way Set Enable bit
   830                           ;	PPS1WAY = ON, PPSLOCKED bit can be cleared and set only once; PPS registers remain loc
      +                          ked after one clear/set cycle
   831                           ;	Stack Full/Underflow Reset Enable bit
   832                           ;	STVREN = ON, Stack full/underflow will cause Reset
   833                           ;	Low Voltage Programming Enable bit
   834                           ;	LVP = ON, Low voltage programming enabled. MCLR/VPP pin function is MCLR. MCLRE config
      +                          uration bit is ignored
   835                           ;	Extended Instruction Set Enable bit
   836                           ;	XINST = OFF, Extended Instruction Set and Indexed Addressing Mode disabled
   837   300003                     	org	3145731
   838   300003  FF                 	db	255
   839                           
   840                           ;Config register CONFIG5 @ 0x300004
   841                           ;	WDT Period selection bits
   842                           ;	WDTCPS = WDTCPS_31, Divider ratio 1:65536; software control of WDTPS
   843                           ;	WDT operating mode
   844                           ;	WDTE = OFF, WDT Disabled; SWDTEN is ignored
   845   300004                     	org	3145732
   846   300004  9F                 	db	159
   847                           
   848                           ;Config register CONFIG6 @ 0x300005
   849                           ;	WDT Window Select bits
   850                           ;	WDTCWS = WDTCWS_7, window always open (100%); software control; keyed access not requi
      +                          red
   851                           ;	WDT input clock selector
   852                           ;	WDTCCS = SC, Software Control
   853   300005                     	org	3145733
   854   300005  FF                 	db	255
   855                           
   856                           ;Config register CONFIG7 @ 0x300006
   857                           ;	Boot Block Size selection bits
   858                           ;	BBSIZE = BBSIZE_512, Boot Block size is 512 words
   859                           ;	Boot Block enable bit
   860                           ;	BBEN = OFF, Boot block disabled
   861                           ;	Storage Area Flash enable bit
   862                           ;	SAFEN = OFF, SAF disabled
   863                           ;	Background Debugger
   864                           ;	DEBUG = OFF, Background Debugger disabled
   865   300006                     	org	3145734
   866   300006  FF                 	db	255
   867                           
   868                           ;Config register CONFIG8 @ 0x300007
   869                           ;	Boot Block Write Protection bit
   870                           ;	WRTB = OFF, Boot Block not Write protected
   871                           ;	Configuration Register Write Protection bit
   872                           ;	WRTC = OFF, Configuration registers not Write protected
   873                           ;	Data EEPROM Write Protection bit
   874                           ;	WRTD = OFF, Data EEPROM not Write protected
   875                           ;	SAF Write protection bit
   876                           ;	WRTSAF = OFF, SAF not Write Protected
   877                           ;	Application Block write protection bit
   878                           ;	WRTAPP = OFF, Application Block not write protected
   879   300007                     	org	3145735
   880   300007  FF                 	db	255
   881                           
   882                           ;Config register CONFIG10 @ 0x300009
   883                           ;	PFM and Data EEPROM Code Protection bit
   884                           ;	CP = OFF, PFM and Data EEPROM code protection disabled
   885   300009                     	org	3145737
   886   300009  FF                 	db	255
   887                           tosu	equ	0x4FF
   888                           tosh	equ	0x4FE
   889                           tosl	equ	0x4FD
   890                           stkptr	equ	0x4FC
   891                           pclatu	equ	0x4FB
   892                           pclath	equ	0x4FA
   893                           pcl	equ	0x4F9
   894                           tblptru	equ	0x4F8
   895                           tblptrh	equ	0x4F7
   896                           tblptrl	equ	0x4F6
   897                           tablat	equ	0x4F5
   898                           prodh	equ	0x4F4
   899                           prodl	equ	0x4F3
   900                           indf0	equ	0x4EF
   901                           postinc0	equ	0x4EE
   902                           postdec0	equ	0x4ED
   903                           preinc0	equ	0x4EC
   904                           plusw0	equ	0x4EB
   905                           fsr0h	equ	0x4EA
   906                           fsr0l	equ	0x4E9
   907                           wreg	equ	0x4E8
   908                           indf1	equ	0x4E7
   909                           postinc1	equ	0x4E6
   910                           postdec1	equ	0x4E5
   911                           preinc1	equ	0x4E4
   912                           plusw1	equ	0x4E3
   913                           fsr1h	equ	0x4E2
   914                           fsr1l	equ	0x4E1
   915                           bsr	equ	0x4E0
   916                           indf2	equ	0x4DF
   917                           postinc2	equ	0x4DE
   918                           postdec2	equ	0x4DD
   919                           preinc2	equ	0x4DC
   920                           plusw2	equ	0x4DB
   921                           fsr2h	equ	0x4DA
   922                           fsr2l	equ	0x4D9
   923                           status	equ	0x4D8

Data Sizes:
    Strings     0
    Constant    0
    Data        0
    BSS         0
    Persistent  0
    Stack       0

Auto Spaces:
    Space          Size  Autos    Used
    COMRAM           95      2       2
    BANK5           160      0       0
    BANK6           256      0       0
    BANK7           256      0       0
    BANK8           256      0       0
    BANK9           256      0       0
    BANK10          256      0       0
    BANK11          256      0       0
    BANK12          256      0       0
    BANK13          256      0       0
    BANK14          256      0       0
    BANK15          256      0       0
    BANK16          256      0       0
    BANK17          256      0       0
    BANK18          256      0       0
    BANK19          256      0       0
    BANK20          256      0       0
    BANK21          256      0       0
    BANK22          256      0       0
    BANK23          256      0       0
    BANK24          256      0       0
    BANK25          256      0       0
    BANK26          256      0       0
    BANK27          256      0       0
    BANK28          256      0       0
    BANK29          256      0       0
    BANK30          256      0       0
    BANK31          256      0       0
    BANK32          256      0       0
    BANK33          256      0       0
    BANK34          256      0       0
    BANK35          256      0       0
    BANK36          256      0       0

Pointer List with Targets:

    None.

Critical Paths under _main in COMRAM

    _main->_TIMER0_Delay_ms

Critical Paths under _main in BANK5

    None.

Critical Paths under _main in BANK6

    None.

Critical Paths under _main in BANK7

    None.

Critical Paths under _main in BANK8

    None.

Critical Paths under _main in BANK9

    None.

Critical Paths under _main in BANK10

    None.

Critical Paths under _main in BANK11

    None.

Critical Paths under _main in BANK12

    None.

Critical Paths under _main in BANK13

    None.

Critical Paths under _main in BANK14

    None.

Critical Paths under _main in BANK15

    None.

Critical Paths under _main in BANK16

    None.

Critical Paths under _main in BANK17

    None.

Critical Paths under _main in BANK18

    None.

Critical Paths under _main in BANK19

    None.

Critical Paths under _main in BANK20

    None.

Critical Paths under _main in BANK21

    None.

Critical Paths under _main in BANK22

    None.

Critical Paths under _main in BANK23

    None.

Critical Paths under _main in BANK24

    None.

Critical Paths under _main in BANK25

    None.

Critical Paths under _main in BANK26

    None.

Critical Paths under _main in BANK27

    None.

Critical Paths under _main in BANK28

    None.

Critical Paths under _main in BANK29

    None.

Critical Paths under _main in BANK30

    None.

Critical Paths under _main in BANK31

    None.

Critical Paths under _main in BANK32

    None.

Critical Paths under _main in BANK33

    None.

Critical Paths under _main in BANK34

    None.

Critical Paths under _main in BANK35

    None.

Critical Paths under _main in BANK36

    None.

Call Graph Tables:

 ---------------------------------------------------------------------------------
 (Depth) Function   	        Calls       Base Space   Used Autos Params    Refs
 ---------------------------------------------------------------------------------
 (0) _main                                                 0     0      0     327
                   _CLOCK_Initialize
                   _PortA_Initialize
                   _PortB_Initialize
                   _PortC_Initialize
                   _PortD_Initialize
                   _PortE_Initialize
                   _PortF_Initialize
                    _TIMER0_Delay_ms
                  _TIMER0_Initialize
 ---------------------------------------------------------------------------------
 (1) _TIMER0_Initialize                                    0     0      0       0
 ---------------------------------------------------------------------------------
 (1) _TIMER0_Delay_ms                                      2     0      2     327
                                              0 COMRAM     2     0      2
 ---------------------------------------------------------------------------------
 (1) _PortF_Initialize                                     0     0      0       0
 ---------------------------------------------------------------------------------
 (1) _PortE_Initialize                                     0     0      0       0
 ---------------------------------------------------------------------------------
 (1) _PortD_Initialize                                     0     0      0       0
 ---------------------------------------------------------------------------------
 (1) _PortC_Initialize                                     0     0      0       0
 ---------------------------------------------------------------------------------
 (1) _PortB_Initialize                                     0     0      0       0
 ---------------------------------------------------------------------------------
 (1) _PortA_Initialize                                     0     0      0       0
 ---------------------------------------------------------------------------------
 (1) _CLOCK_Initialize                                     0     0      0       0
 ---------------------------------------------------------------------------------
 Estimated maximum stack depth 1
 ---------------------------------------------------------------------------------

 Call Graph Graphs:

 _main (ROOT)
   _CLOCK_Initialize
   _PortA_Initialize
   _PortB_Initialize
   _PortC_Initialize
   _PortD_Initialize
   _PortE_Initialize
   _PortF_Initialize
   _TIMER0_Delay_ms
   _TIMER0_Initialize

 Address spaces:
Name               Size   Autos  Total    Cost      Usage
BITCOMRAM           5F      0       0       0        0.0%
EEDATA             400      0       0       0        0.0%
NULL                 0      0       0       0        0.0%
CODE                 0      0       0       0        0.0%
COMRAM              5F      2       2       1        2.1%
STACK                0      0       0       2        0.0%
DATA                 0      0       0       3        0.0%
BITBANK5            A0      0       0       4        0.0%
BANK5               A0      0       0       5        0.0%
BITBANK6           100      0       0       6        0.0%
BANK6              100      0       0       7        0.0%
BITBANK7           100      0       0       8        0.0%
BANK7              100      0       0       9        0.0%
BITBANK8           100      0       0      10        0.0%
BANK8              100      0       0      11        0.0%
BITBANK9           100      0       0      12        0.0%
BANK9              100      0       0      13        0.0%
BITBANK10          100      0       0      14        0.0%
BANK10             100      0       0      15        0.0%
BITBANK11          100      0       0      16        0.0%
BANK11             100      0       0      17        0.0%
BITBANK12          100      0       0      18        0.0%
BANK12             100      0       0      19        0.0%
BITBANK13          100      0       0      20        0.0%
BANK13             100      0       0      21        0.0%
BITBANK14          100      0       0      22        0.0%
BANK14             100      0       0      23        0.0%
BITBANK15          100      0       0      24        0.0%
BANK15             100      0       0      25        0.0%
BITBANK16          100      0       0      26        0.0%
BANK16             100      0       0      27        0.0%
BITBANK17          100      0       0      28        0.0%
BANK17             100      0       0      29        0.0%
BITBANK18          100      0       0      30        0.0%
BANK18             100      0       0      31        0.0%
BITBANK19          100      0       0      32        0.0%
BANK19             100      0       0      33        0.0%
BITBANK20          100      0       0      34        0.0%
BANK20             100      0       0      35        0.0%
BITBANK21          100      0       0      36        0.0%
BANK21             100      0       0      37        0.0%
BITBANK22          100      0       0      38        0.0%
BANK22             100      0       0      39        0.0%
BITBANK23          100      0       0      40        0.0%
BANK23             100      0       0      41        0.0%
BITBANK24          100      0       0      42        0.0%
BANK24             100      0       0      43        0.0%
BITBANK25          100      0       0      44        0.0%
BANK25             100      0       0      45        0.0%
BITBANK26          100      0       0      46        0.0%
BANK26             100      0       0      47        0.0%
BITBANK27          100      0       0      48        0.0%
BANK27             100      0       0      49        0.0%
BITBANK28          100      0       0      50        0.0%
BANK28             100      0       0      51        0.0%
BITBANK29          100      0       0      52        0.0%
BANK29             100      0       0      53        0.0%
BITBANK30          100      0       0      54        0.0%
BANK30             100      0       0      55        0.0%
BITBANK31          100      0       0      56        0.0%
BANK31             100      0       0      57        0.0%
BITBANK32          100      0       0      58        0.0%
BANK32             100      0       0      59        0.0%
BITBANK33          100      0       0      60        0.0%
BANK33             100      0       0      61        0.0%
BITBANK34          100      0       0      62        0.0%
BANK34             100      0       0      63        0.0%
BITBANK35          100      0       0      64        0.0%
BANK35             100      0       0      65        0.0%
BITBANK36          100      0       0      66        0.0%
BANK36             100      0       0      67        0.0%
BITBIGSFR_1        100      0       0      68        0.0%
BIGRAM            1FFF      0       0      69        0.0%
BITBIGSFRhhhh       2C      0       0      70        0.0%
BITBIGSFRhhhl        3      0       0      71        0.0%
BITBIGSFRhhl         3      0       0      72        0.0%
BITBIGSFRhl          2      0       0      73        0.0%
BITBIGSFRlhhhhh      C      0       0      74        0.0%
BITBIGSFRlhhhhh     87      0       0      75        0.0%
BITBIGSFRlhhhhh      6      0       0      76        0.0%
BITBIGSFRlhhhhl      6      0       0      77        0.0%
BITBIGSFRlhhhl       6      0       0      78        0.0%
BITBIGSFRlhhl        6      0       0      79        0.0%
BITBIGSFRlhl         6      0       0      80        0.0%
BITBIGSFRllhh       E4      0       0      81        0.0%
BITBIGSFRllhl      264      0       0      82        0.0%
BITBIGSFRlllh        1      0       0      83        0.0%
BITBIGSFRllllh       3      0       0      84        0.0%
BITBIGSFRlllll      AD      0       0      85        0.0%
ABS                  0      0       0      86        0.0%
BIGSFR_1             0      0       0     200        0.0%
BIGSFR               0      0       0     200        0.0%
BITSFR_6             0      0       0     200        0.0%
SFR_6                0      0       0     200        0.0%
BITSFR_5             0      0       0     200        0.0%
SFR_5                0      0       0     200        0.0%
BITSFR_4             0      0       0     200        0.0%
SFR_4                0      0       0     200        0.0%
BITSFR_3             0      0       0     200        0.0%
SFR_3                0      0       0     200        0.0%
BITSFR_2             0      0       0     200        0.0%
SFR_2                0      0       0     200        0.0%
BITSFR_1             0      0       0     200        0.0%
SFR_1                0      0       0     200        0.0%
BITSFR               0      0       0     200        0.0%
SFR                  0      0       0     200        0.0%


Microchip Technology PIC18 Macro Assembler V2.46 build 20240104201356 
Symbol Table                                                                                   Wed Feb 28 13:02:48 2024

                       l51 262C                         l60 25F0                         l54 2618  
                       l63 25DC                         l57 2604                         l66 25C8  
                       l94 2554                         u40 2596                         u41 2592  
                       u50 25B0                         u51 25AC                         u60 2534  
                       u61 2530                        l120 2648                        l107 263C  
                      l125 2588                        l129 25B4                        l811 25DE  
                      l805 261A                        l813 25CA                        l807 2606  
                      l815 25B6                        l817 262E                        l809 25F2  
                      l851 259E                        l819 263E                        l853 25B0  
                      l845 2578                        l861 2536                        l847 2582  
                      l863 2542                        l855 2502                        l849 2596  
                      l865 2556                        l857 2522                        l867 2562  
                      l859 2534           _PortC_Initialize 25F2                       _LATA 04BE  
                     _LATB 04BF                       _LATC 04C0                       _LATD 04C1  
                     _LATE 04C2                       _LATF 04C3                       _PIR3 04B1  
                     _WPUA 0401                       _WPUB 0409                       _WPUC 0411  
                     _WPUD 0419                       _WPUE 0421                       _WPUF 0429  
                     _main 2502           _PortD_Initialize 25DE                       start FFFC  
             ___param_bank 0000                      ?_main 0501                      _OSCEN 00B3  
         _PortE_Initialize 25CA                      _TMR0H 0319                      _TMR0L 0318  
                    _PORTB 04CF                      _TRISA 04C6                      _TRISB 04C7  
                    _TRISC 04C8                      _TRISD 04C9                      _TRISE 04CA  
                    _TRISF 04CB                      status 04D8           _PortF_Initialize 25B6  
          __initialization 264A               __end_of_main 2578                     ??_main 0503  
            __activetblptr 0000                     _ANSELA 0400                     _ANSELB 0408  
                   _ANSELC 0410                     _ANSELD 0418                     _ANSELE 0420  
                   _ANSELF 0428                     _T0CON0 031A                     _T0CON1 031B  
                   _OSCFRQ 00B1   __end_of_PortA_Initialize 262E            _TIMER0_Delay_ms 2578  
                   isa$std 0001          ?_CLOCK_Initialize 0501   __end_of_PortB_Initialize 261A  
       ??_CLOCK_Initialize 0501               __mediumconst 0000                 __accesstop 0560  
  __end_of__initialization 264A              ___rparam_used 0001   __end_of_PortC_Initialize 2606  
           __pcstackCOMRAM 0501   __end_of_PortD_Initialize 25F2    __end_of_TIMER0_Delay_ms 25B6  
 __end_of_PortE_Initialize 25DE   __end_of_PortF_Initialize 25CA                    _OSCCON1 00AD  
                  __Hparam 0000                    __Lparam 0000               __psmallconst 2500  
                  __pcinit 264A                    __ramtop 2500                    __ptext0 2502  
                  __ptext1 263E                    __ptext2 2578                    __ptext3 25B6  
                  __ptext4 25CA                    __ptext5 25DE                    __ptext6 25F2  
                  __ptext7 2606                    __ptext8 261A                    __ptext9 262E  
     end_of_initialization 264A           ?_TIMER0_Delay_ms 0501          ?_PortA_Initialize 0501  
       ??_PortA_Initialize 0501                  _PORTFbits 04D3          ?_PortB_Initialize 0501  
       ??_PortB_Initialize 0501          ?_PortC_Initialize 0501         ??_PortC_Initialize 0501  
        ?_PortD_Initialize 0501        start_initialization 264A         ??_PortD_Initialize 0501  
        ?_PortE_Initialize 0501         ??_PortE_Initialize 0501          ?_PortF_Initialize 0501  
       ??_PortF_Initialize 0501                __smallconst 2500           _CLOCK_Initialize 262E  
                 __Hrparam 0000                   __Lrparam 0000        TIMER0_Delay_ms@Time 0501  
                 isa$xinst 0000          _TIMER0_Initialize 263E         ?_TIMER0_Initialize 0501  
      ??_TIMER0_Initialize 0501   __end_of_CLOCK_Initialize 263E           _PortA_Initialize 261A  
        ??_TIMER0_Delay_ms 0503  __end_of_TIMER0_Initialize 264A           _PortB_Initialize 2606  
